<?xml version="1.0" encoding="UTF-8"?>
<!-- Generated by org.testng.reporters.JUnitReportReporter -->
<testsuite name="Test1" tests="2" time="0.010" ignored="0" failures="0" timestamp="23 Jan 2017 20:57:49 GMT" skipped="0" hostname="MD-Kabir" errors="0">
  <testcase name="testFromFill" time="0.005" classname="Test1"/>
  <testcase name="testLogin" time="0.005" classname="Test1"/>
</testsuite> <!-- Test1 -->
